0 verbose cli C:\Program Files\nodejs\node.exe C:\Program Files\nodejs\node_modules\npm\bin\npm-cli.js
1 info using npm@11.16.0
2 info using node@v24.18.0
3 silly config load:file:C:\Program Files\nodejs\node_modules\npm\npmrc
4 silly config load:file:C:\Users\brian\OneDrive\Imágenes\proyectosbmcoach\.npmrc
5 silly config load:file:C:\Users\brian\.npmrc
6 silly config load:file:C:\Users\brian\AppData\Roaming\npm\etc\npmrc
7 verbose title npm install @prisma/client@6.16.0 prisma@6.16.0
8 verbose argv "install" "@prisma/client@6.16.0" "prisma@6.16.0" "--cache" ".npm-cache"
9 verbose logfile logs-max:10 dir:C:\Users\brian\OneDrive\Imágenes\proyectosbmcoach\.npm-cache\_logs\2026-07-17T15_36_56_592Z-
10 verbose logfile C:\Users\brian\OneDrive\Imágenes\proyectosbmcoach\.npm-cache\_logs\2026-07-17T15_36_56_592Z-debug-0.log
11 silly logfile done cleaning log files
12 silly packumentCache heap:2348810240 maxSize:587202560 maxEntrySize:293601280
13 silly idealTree buildDeps
14 silly fetch manifest @prisma/client@6.16.0
15 silly packumentCache full:https://registry.npmjs.org/@prisma%2fclient cache-miss
16 verbose shrinkwrap failed to load node_modules/.package-lock.json out of date, updated: node_modules
17 http fetch GET 200 https://registry.npmjs.org/npm 879ms
18 http fetch GET 200 https://registry.npmjs.org/@prisma%2fclient 1647ms (cache miss)
19 silly packumentCache full:https://registry.npmjs.org/@prisma%2fclient set size:undefined disposed:false
20 silly fetch manifest prisma@6.16.0
21 silly packumentCache full:https://registry.npmjs.org/prisma cache-miss
22 http fetch GET 200 https://registry.npmjs.org/prisma 1143ms (cache miss)
23 silly packumentCache full:https://registry.npmjs.org/prisma set size:undefined disposed:false
24 silly fetch manifest typescript@^5
25 silly packumentCache full:https://registry.npmjs.org/typescript cache-miss
26 http fetch GET 200 https://registry.npmjs.org/typescript 387ms (cache miss)
27 silly packumentCache full:https://registry.npmjs.org/typescript set size:undefined disposed:false
28 silly placeDep ROOT @prisma/client@6.16.0 OK for: proyectosbmcoach@0.1.0 want: 6.16.0
29 silly placeDep ROOT prisma@6.16.0 OK for: proyectosbmcoach@0.1.0 want: 6.16.0
30 silly fetch manifest @prisma/config@6.16.0
31 silly packumentCache full:https://registry.npmjs.org/@prisma%2fconfig cache-miss
32 silly fetch manifest @prisma/engines@6.16.0
33 silly packumentCache full:https://registry.npmjs.org/@prisma%2fengines cache-miss
34 http fetch GET 200 https://registry.npmjs.org/@prisma%2fconfig 587ms (cache miss)
35 silly packumentCache full:https://registry.npmjs.org/@prisma%2fconfig set size:undefined disposed:false
36 http fetch GET 200 https://registry.npmjs.org/@prisma%2fengines 905ms (cache miss)
37 silly packumentCache full:https://registry.npmjs.org/@prisma%2fengines set size:undefined disposed:false
38 silly placeDep ROOT @prisma/config@6.16.0 OK for: prisma@6.16.0 want: 6.16.0
39 silly placeDep ROOT @prisma/engines@6.16.0 OK for: prisma@6.16.0 want: 6.16.0
40 silly fetch manifest c12@3.1.0
41 silly packumentCache full:https://registry.npmjs.org/c12 cache-miss
42 silly fetch manifest effect@3.16.12
43 silly packumentCache full:https://registry.npmjs.org/effect cache-miss
44 silly fetch manifest empathic@2.0.0
45 silly packumentCache full:https://registry.npmjs.org/empathic cache-miss
46 silly fetch manifest deepmerge-ts@7.1.5
47 silly packumentCache full:https://registry.npmjs.org/deepmerge-ts cache-miss
48 silly fetch manifest @prisma/debug@6.16.0
49 silly packumentCache full:https://registry.npmjs.org/@prisma%2fdebug cache-miss
50 silly fetch manifest @prisma/fetch-engine@6.16.0
51 silly packumentCache full:https://registry.npmjs.org/@prisma%2ffetch-engine cache-miss
52 silly fetch manifest @prisma/get-platform@6.16.0
53 silly packumentCache full:https://registry.npmjs.org/@prisma%2fget-platform cache-miss
54 http fetch GET 200 https://registry.npmjs.org/empathic 188ms (cache miss)
55 silly packumentCache full:https://registry.npmjs.org/empathic set size:undefined disposed:false
56 silly fetch manifest @prisma/engines-version@6.16.0-7.1c57fdcd7e44b29b9313256c76699e91c3ac3c43
57 silly packumentCache full:https://registry.npmjs.org/@prisma%2fengines-version cache-miss
58 http fetch GET 200 https://registry.npmjs.org/c12 316ms (cache miss)
59 silly packumentCache full:https://registry.npmjs.org/c12 set size:undefined disposed:false
60 http fetch GET 200 https://registry.npmjs.org/deepmerge-ts 423ms (cache miss)
61 silly packumentCache full:https://registry.npmjs.org/deepmerge-ts set size:undefined disposed:false
62 http fetch GET 200 https://registry.npmjs.org/effect 564ms (cache miss)
63 silly packumentCache full:https://registry.npmjs.org/effect set size:undefined disposed:false
64 http fetch GET 200 https://registry.npmjs.org/@prisma%2fdebug 1730ms (cache miss)
65 silly packumentCache full:https://registry.npmjs.org/@prisma%2fdebug set size:undefined disposed:false
66 http fetch GET 200 https://registry.npmjs.org/@prisma%2fengines-version 1751ms (cache miss)
67 silly packumentCache full:https://registry.npmjs.org/@prisma%2fengines-version set size:undefined disposed:false
68 http fetch GET 200 https://registry.npmjs.org/@prisma%2ffetch-engine 2041ms (cache miss)
69 silly packumentCache full:https://registry.npmjs.org/@prisma%2ffetch-engine set size:undefined disposed:false
70 http fetch GET 200 https://registry.npmjs.org/@prisma%2fget-platform 3245ms (cache miss)
71 silly packumentCache full:https://registry.npmjs.org/@prisma%2fget-platform set size:undefined disposed:false
72 silly fetch manifest magicast@^0.3.5
73 silly packumentCache full:https://registry.npmjs.org/magicast cache-miss
74 http fetch GET 200 https://registry.npmjs.org/magicast 75ms (cache miss)
75 silly packumentCache full:https://registry.npmjs.org/magicast set size:undefined disposed:false
76 silly placeDep ROOT c12@3.1.0 OK for: @prisma/config@6.16.0 want: 3.1.0
77 silly placeDep ROOT deepmerge-ts@7.1.5 OK for: @prisma/config@6.16.0 want: 7.1.5
78 silly placeDep ROOT effect@3.16.12 OK for: @prisma/config@6.16.0 want: 3.16.12
79 silly placeDep ROOT empathic@2.0.0 OK for: @prisma/config@6.16.0 want: 2.0.0
80 silly fetch manifest rc9@^2.1.2
81 silly packumentCache full:https://registry.npmjs.org/rc9 cache-miss
82 silly fetch manifest defu@^6.1.4
83 silly packumentCache full:https://registry.npmjs.org/defu cache-miss
84 silly fetch manifest giget@^2.0.0
85 silly packumentCache full:https://registry.npmjs.org/giget cache-miss
86 silly fetch manifest ohash@^2.0.11
87 silly packumentCache full:https://registry.npmjs.org/ohash cache-miss
88 silly fetch manifest pathe@^2.0.3
89 silly packumentCache full:https://registry.npmjs.org/pathe cache-miss
90 silly fetch manifest dotenv@^16.6.1
91 silly packumentCache full:https://registry.npmjs.org/dotenv cache-miss
92 silly fetch manifest confbox@^0.2.2
93 silly packumentCache full:https://registry.npmjs.org/confbox cache-miss
94 http fetch GET 200 https://registry.npmjs.org/pathe 73ms (cache miss)
95 silly packumentCache full:https://registry.npmjs.org/pathe set size:undefined disposed:false
96 silly fetch manifest exsolve@^1.0.7
97 silly packumentCache full:https://registry.npmjs.org/exsolve cache-miss
98 http fetch GET 200 https://registry.npmjs.org/ohash 83ms (cache miss)
99 silly packumentCache full:https://registry.npmjs.org/ohash set size:undefined disposed:false
100 silly fetch manifest chokidar@^4.0.3
101 silly packumentCache full:https://registry.npmjs.org/chokidar cache-miss
102 http fetch GET 200 https://registry.npmjs.org/dotenv 100ms (cache miss)
103 silly packumentCache full:https://registry.npmjs.org/dotenv set size:undefined disposed:false
104 silly fetch manifest pkg-types@^2.2.0
105 silly packumentCache full:https://registry.npmjs.org/pkg-types cache-miss
106 http fetch GET 200 https://registry.npmjs.org/chokidar 66ms (cache miss)
107 silly packumentCache full:https://registry.npmjs.org/chokidar set size:undefined disposed:false
108 silly fetch manifest perfect-debounce@^1.0.0
109 silly packumentCache full:https://registry.npmjs.org/perfect-debounce cache-miss
110 http fetch GET 200 https://registry.npmjs.org/pkg-types 68ms (cache miss)
111 silly packumentCache full:https://registry.npmjs.org/pkg-types set size:undefined disposed:false
112 silly fetch manifest fast-check@^3.23.1
113 silly packumentCache full:https://registry.npmjs.org/fast-check cache-miss
114 http fetch GET 200 https://registry.npmjs.org/giget 282ms (cache miss)
115 silly packumentCache full:https://registry.npmjs.org/giget set size:undefined disposed:false
116 silly fetch manifest @standard-schema/spec@^1.0.0
117 silly packumentCache full:https://registry.npmjs.org/@standard-schema%2fspec cache-miss
118 http fetch GET 200 https://registry.npmjs.org/rc9 304ms (cache miss)
119 silly packumentCache full:https://registry.npmjs.org/rc9 set size:undefined disposed:false
120 http fetch GET 200 https://registry.npmjs.org/fast-check 126ms (cache miss)
121 silly packumentCache full:https://registry.npmjs.org/fast-check set size:undefined disposed:false
122 http fetch GET 200 https://registry.npmjs.org/defu 321ms (cache miss)
123 silly packumentCache full:https://registry.npmjs.org/defu set size:undefined disposed:false
124 http fetch GET 200 https://registry.npmjs.org/confbox 330ms (cache miss)
125 silly packumentCache full:https://registry.npmjs.org/confbox set size:undefined disposed:false
126 http fetch GET 200 https://registry.npmjs.org/exsolve 271ms (cache miss)
127 silly packumentCache full:https://registry.npmjs.org/exsolve set size:undefined disposed:false
128 http fetch GET 200 https://registry.npmjs.org/@standard-schema%2fspec 85ms (cache miss)
129 silly packumentCache full:https://registry.npmjs.org/@standard-schema%2fspec set size:undefined disposed:false
130 http fetch GET 200 https://registry.npmjs.org/perfect-debounce 268ms (cache miss)
131 silly packumentCache full:https://registry.npmjs.org/perfect-debounce set size:undefined disposed:false
132 silly placeDep ROOT @prisma/debug@6.16.0 OK for: @prisma/engines@6.16.0 want: 6.16.0
133 silly placeDep ROOT @prisma/engines-version@6.16.0-7.1c57fdcd7e44b29b9313256c76699e91c3ac3c43 OK for: @prisma/engines@6.16.0 want: 6.16.0-7.1c57fdcd7e44b29b9313256c76699e91c3ac3c43
134 silly placeDep ROOT @prisma/fetch-engine@6.16.0 OK for: @prisma/engines@6.16.0 want: 6.16.0
135 silly placeDep ROOT @prisma/get-platform@6.16.0 OK for: @prisma/engines@6.16.0 want: 6.16.0
136 silly placeDep ROOT chokidar@4.0.3 OK for: c12@3.1.0 want: ^4.0.3
137 silly placeDep ROOT confbox@0.2.4 OK for: c12@3.1.0 want: ^0.2.2
138 silly placeDep ROOT defu@6.1.7 OK for: c12@3.1.0 want: ^6.1.4
139 silly placeDep ROOT dotenv@16.6.1 OK for: c12@3.1.0 want: ^16.6.1
140 silly placeDep ROOT exsolve@1.1.0 OK for: c12@3.1.0 want: ^1.0.7
141 silly placeDep ROOT giget@2.0.0 OK for: c12@3.1.0 want: ^2.0.0
142 silly placeDep ROOT ohash@2.0.11 OK for: c12@3.1.0 want: ^2.0.11
143 silly placeDep ROOT pathe@2.0.3 OK for: c12@3.1.0 want: ^2.0.3
144 silly placeDep ROOT perfect-debounce@1.0.0 OK for: c12@3.1.0 want: ^1.0.0
145 silly placeDep ROOT pkg-types@2.3.1 OK for: c12@3.1.0 want: ^2.2.0
146 silly placeDep ROOT rc9@2.1.2 OK for: c12@3.1.0 want: ^2.1.2
147 silly fetch manifest readdirp@^4.0.1
148 silly packumentCache full:https://registry.npmjs.org/readdirp cache-miss
149 silly fetch manifest nypm@^0.6.0
150 silly packumentCache full:https://registry.npmjs.org/nypm cache-miss
151 silly fetch manifest citty@^0.1.6
152 silly packumentCache full:https://registry.npmjs.org/citty cache-miss
153 silly fetch manifest consola@^3.4.0
154 silly packumentCache full:https://registry.npmjs.org/consola cache-miss
155 silly fetch manifest node-fetch-native@^1.6.6
156 silly packumentCache full:https://registry.npmjs.org/node-fetch-native cache-miss
157 silly fetch manifest destr@^2.0.3
158 silly packumentCache full:https://registry.npmjs.org/destr cache-miss
159 http fetch GET 200 https://registry.npmjs.org/readdirp 55ms (cache miss)
160 silly packumentCache full:https://registry.npmjs.org/readdirp set size:undefined disposed:false
161 http fetch GET 200 https://registry.npmjs.org/consola 86ms (cache miss)
162 silly packumentCache full:https://registry.npmjs.org/consola set size:undefined disposed:false
163 http fetch GET 200 https://registry.npmjs.org/nypm 268ms (cache miss)
164 silly packumentCache full:https://registry.npmjs.org/nypm set size:undefined disposed:false
165 http fetch GET 200 https://registry.npmjs.org/destr 279ms (cache miss)
166 silly packumentCache full:https://registry.npmjs.org/destr set size:undefined disposed:false
167 http fetch GET 200 https://registry.npmjs.org/citty 284ms (cache miss)
168 silly packumentCache full:https://registry.npmjs.org/citty set size:undefined disposed:false
169 http fetch GET 200 https://registry.npmjs.org/node-fetch-native 289ms (cache miss)
170 silly packumentCache full:https://registry.npmjs.org/node-fetch-native set size:undefined disposed:false
171 silly placeDep ROOT readdirp@4.1.2 OK for: chokidar@4.0.3 want: ^4.0.1
172 silly placeDep ROOT @standard-schema/spec@1.1.0 OK for: effect@3.16.12 want: ^1.0.0
173 silly placeDep ROOT fast-check@3.23.2 OK for: effect@3.16.12 want: ^3.23.1
174 silly fetch manifest pure-rand@^6.1.0
175 silly packumentCache full:https://registry.npmjs.org/pure-rand cache-miss
176 http fetch GET 200 https://registry.npmjs.org/pure-rand 57ms (cache miss)
177 silly packumentCache full:https://registry.npmjs.org/pure-rand set size:undefined disposed:false
178 silly placeDep ROOT pure-rand@6.1.0 OK for: fast-check@3.23.2 want: ^6.1.0
179 silly placeDep ROOT citty@0.1.6 OK for: giget@2.0.0 want: ^0.1.6
180 silly placeDep ROOT consola@3.4.2 OK for: giget@2.0.0 want: ^3.4.0
181 silly placeDep ROOT node-fetch-native@1.6.7 OK for: giget@2.0.0 want: ^1.6.6
182 silly placeDep ROOT nypm@0.6.8 OK for: giget@2.0.0 want: ^0.6.0
183 silly fetch manifest consola@^3.2.3
184 silly packumentCache full:https://registry.npmjs.org/consola cache-miss
185 silly fetch manifest citty@^0.2.2
186 silly packumentCache full:https://registry.npmjs.org/citty cache-miss
187 silly fetch manifest tinyexec@^1.2.4
188 silly packumentCache full:https://registry.npmjs.org/tinyexec cache-miss
189 http cache https://registry.npmjs.org/consola 23ms (cache hit)
190 silly packumentCache full:https://registry.npmjs.org/consola set size:324648 disposed:false
191 http cache https://registry.npmjs.org/citty 28ms (cache hit)
192 silly packumentCache full:https://registry.npmjs.org/citty set size:38582 disposed:false
193 http fetch GET 200 https://registry.npmjs.org/tinyexec 57ms (cache miss)
194 silly packumentCache full:https://registry.npmjs.org/tinyexec set size:undefined disposed:false
195 silly placeDep node_modules/nypm citty@0.2.2 OK for: nypm@0.6.8 want: ^0.2.2
196 silly placeDep ROOT tinyexec@1.2.4 OK for: nypm@0.6.8 want: ^1.2.4
197 silly placeDep ROOT destr@2.0.5 OK for: rc9@2.1.2 want: ^2.0.3
198 silly reify moves {}
199 silly audit bulk request {
199 silly audit   '@alloc/quick-lru': [ '5.2.0' ],
199 silly audit   '@babel/code-frame': [ '7.29.7' ],
199 silly audit   '@babel/compat-data': [ '7.29.7' ],
199 silly audit   '@babel/core': [ '7.29.7' ],
199 silly audit   '@babel/generator': [ '7.29.7' ],
199 silly audit   '@babel/helper-compilation-targets': [ '7.29.7' ],
199 silly audit   '@babel/helper-globals': [ '7.29.7' ],
199 silly audit   '@babel/helper-module-imports': [ '7.29.7' ],
199 silly audit   '@babel/helper-module-transforms': [ '7.29.7' ],
199 silly audit   '@babel/helper-string-parser': [ '7.29.7' ],
199 silly audit   '@babel/helper-validator-identifier': [ '7.29.7' ],
199 silly audit   '@babel/helper-validator-option': [ '7.29.7' ],
199 silly audit   '@babel/helpers': [ '7.29.7' ],
199 silly audit   '@babel/parser': [ '7.29.7' ],
199 silly audit   '@babel/template': [ '7.29.7' ],
199 silly audit   '@babel/traverse': [ '7.29.7' ],
199 silly audit   '@babel/types': [ '7.29.7' ],
199 silly audit   '@emnapi/core': [ '1.10.0' ],
199 silly audit   '@emnapi/runtime': [ '1.11.2', '1.10.0' ],
199 silly audit   '@emnapi/wasi-threads': [ '1.2.1' ],
199 silly audit   '@eslint-community/eslint-utils': [ '4.9.1' ],
199 silly audit   'eslint-visitor-keys': [ '3.4.3', '5.0.1', '4.2.1' ],
199 silly audit   '@eslint-community/regexpp': [ '4.12.2' ],
199 silly audit   '@eslint/config-array': [ '0.21.2' ],
199 silly audit   '@eslint/config-helpers': [ '0.4.2' ],
199 silly audit   '@eslint/core': [ '0.17.0' ],
199 silly audit   '@eslint/eslintrc': [ '3.3.6' ],
199 silly audit   '@eslint/js': [ '9.39.5' ],
199 silly audit   '@eslint/object-schema': [ '2.1.7' ],
199 silly audit   '@eslint/plugin-kit': [ '0.4.1' ],
199 silly audit   '@humanfs/core': [ '0.19.2' ],
199 silly audit   '@humanfs/node': [ '0.16.8' ],
199 silly audit   '@humanfs/types': [ '0.15.0' ],
199 silly audit   '@humanwhocodes/module-importer': [ '1.0.1' ],
199 silly audit   '@humanwhocodes/retry': [ '0.4.3' ],
199 silly audit   '@img/colour': [ '1.1.0' ],
199 silly audit   '@img/sharp-darwin-arm64': [ '0.34.5' ],
199 silly audit   '@img/sharp-darwin-x64': [ '0.34.5' ],
199 silly audit   '@img/sharp-libvips-darwin-arm64': [ '1.2.4' ],
199 silly audit   '@img/sharp-libvips-darwin-x64': [ '1.2.4' ],
199 silly audit   '@img/sharp-libvips-linux-arm': [ '1.2.4' ],
199 silly audit   '@img/sharp-libvips-linux-arm64': [ '1.2.4' ],
199 silly audit   '@img/sharp-libvips-linux-ppc64': [ '1.2.4' ],
199 silly audit   '@img/sharp-libvips-linux-riscv64': [ '1.2.4' ],
199 silly audit   '@img/sharp-libvips-linux-s390x': [ '1.2.4' ],
199 silly audit   '@img/sharp-libvips-linux-x64': [ '1.2.4' ],
199 silly audit   '@img/sharp-libvips-linuxmusl-arm64': [ '1.2.4' ],
199 silly audit   '@img/sharp-libvips-linuxmusl-x64': [ '1.2.4' ],
199 silly audit   '@img/sharp-linux-arm': [ '0.34.5' ],
199 silly audit   '@img/sharp-linux-arm64': [ '0.34.5' ],
199 silly audit   '@img/sharp-linux-ppc64': [ '0.34.5' ],
199 silly audit   '@img/sharp-linux-riscv64': [ '0.34.5' ],
199 silly audit   '@img/sharp-linux-s390x': [ '0.34.5' ],
199 silly audit   '@img/sharp-linux-x64': [ '0.34.5' ],
199 silly audit   '@img/sharp-linuxmusl-arm64': [ '0.34.5' ],
199 silly audit   '@img/sharp-linuxmusl-x64': [ '0.34.5' ],
199 silly audit   '@img/sharp-wasm32': [ '0.34.5' ],
199 silly audit   '@img/sharp-win32-arm64': [ '0.34.5' ],
199 silly audit   '@img/sharp-win32-ia32': [ '0.34.5' ],
199 silly audit   '@img/sharp-win32-x64': [ '0.34.5' ],
199 silly audit   '@jridgewell/gen-mapping': [ '0.3.13' ],
199 silly audit   '@jridgewell/remapping': [ '2.3.5' ],
199 silly audit   '@jridgewell/resolve-uri': [ '3.1.2' ],
199 silly audit   '@jridgewell/sourcemap-codec': [ '1.5.5' ],
199 silly audit   '@jridgewell/trace-mapping': [ '0.3.31' ],
199 silly audit   '@napi-rs/wasm-runtime': [ '1.1.6' ],
199 silly audit   '@next/env': [ '16.2.10' ],
199 silly audit   '@next/eslint-plugin-next': [ '16.2.10' ],
199 silly audit   '@next/swc-darwin-arm64': [ '16.2.10' ],
199 silly audit   '@next/swc-darwin-x64': [ '16.2.10' ],
199 silly audit   '@next/swc-linux-arm64-gnu': [ '16.2.10' ],
199 silly audit   '@next/swc-linux-arm64-musl': [ '16.2.10' ],
199 silly audit   '@next/swc-linux-x64-gnu': [ '16.2.10' ],
199 silly audit   '@next/swc-linux-x64-musl': [ '16.2.10' ],
199 silly audit   '@next/swc-win32-arm64-msvc': [ '16.2.10' ],
199 silly audit   '@next/swc-win32-x64-msvc': [ '16.2.10' ],
199 silly audit   '@nodelib/fs.scandir': [ '2.1.5' ],
199 silly audit   '@nodelib/fs.stat': [ '2.0.5' ],
199 silly audit   '@nodelib/fs.walk': [ '1.2.8' ],
199 silly audit   '@nolyfill/is-core-module': [ '1.0.39' ],
199 silly audit   '@rtsao/scc': [ '1.1.0' ],
199 silly audit   '@swc/helpers': [ '0.5.15' ],
199 silly audit   '@tailwindcss/node': [ '4.3.3' ],
199 silly audit   '@tailwindcss/oxide': [ '4.3.3' ],
199 silly audit   '@tailwindcss/oxide-android-arm64': [ '4.3.3' ],
199 silly audit   '@tailwindcss/oxide-darwin-arm64': [ '4.3.3' ],
199 silly audit   '@tailwindcss/oxide-darwin-x64': [ '4.3.3' ],
199 silly audit   '@tailwindcss/oxide-freebsd-x64': [ '4.3.3' ],
199 silly audit   '@tailwindcss/oxide-linux-arm-gnueabihf': [ '4.3.3' ],
199 silly audit   '@tailwindcss/oxide-linux-arm64-gnu': [ '4.3.3' ],
199 silly audit   '@tailwindcss/oxide-linux-arm64-musl': [ '4.3.3' ],
199 silly audit   '@tailwindcss/oxide-linux-x64-gnu': [ '4.3.3' ],
199 silly audit   '@tailwindcss/oxide-linux-x64-musl': [ '4.3.3' ],
199 silly audit   '@tailwindcss/oxide-wasm32-wasi': [ '4.3.3' ],
199 silly audit   '@tailwindcss/oxide-win32-arm64-msvc': [ '4.3.3' ],
199 silly audit   '@tailwindcss/oxide-win32-x64-msvc': [ '4.3.3' ],
199 silly audit   '@tailwindcss/postcss': [ '4.3.3' ],
199 silly audit   '@tybys/wasm-util': [ '0.10.3' ],
199 silly audit   '@types/estree': [ '1.0.9' ],
199 silly audit   '@types/json-schema': [ '7.0.15' ],
199 silly audit   '@types/json5': [ '0.0.29' ],
199 silly audit   '@types/node': [ '20.19.43' ],
199 silly audit   '@types/react': [ '19.2.17' ],
199 silly audit   '@types/react-dom': [ '19.2.3' ],
199 silly audit   '@typescript-eslint/eslint-plugin': [ '8.64.0' ],
199 silly audit   ignore: [ '7.0.6', '5.3.2' ],
199 silly audit   '@typescript-eslint/parser': [ '8.64.0' ],
199 silly audit   '@typescript-eslint/project-service': [ '8.64.0' ],
199 silly audit   '@typescript-eslint/scope-manager': [ '8.64.0' ],
199 silly audit   '@typescript-eslint/tsconfig-utils': [ '8.64.0' ],
199 silly audit   '@typescript-eslint/type-utils': [ '8.64.0' ],
199 silly audit   '@typescript-eslint/types': [ '8.64.0' ],
199 silly audit   '@typescript-eslint/typescript-estree': [ '8.64.0' ],
199 silly audit   'balanced-match': [ '4.0.4', '1.0.2' ],
199 silly audit   'brace-expansion': [ '5.0.7', '1.1.16' ],
199 silly audit   minimatch: [ '10.2.5', '3.1.5' ],
199 silly audit   semver: [ '7.8.5', '6.3.1' ],
199 silly audit   '@typescript-eslint/utils': [ '8.64.0' ],
199 silly audit   '@typescript-eslint/visitor-keys': [ '8.64.0' ],
199 silly audit   '@unrs/resolver-binding-android-arm-eabi': [ '1.12.2' ],
199 silly audit   '@unrs/resolver-binding-android-arm64': [ '1.12.2' ],
199 silly audit   '@unrs/resolver-binding-darwin-arm64': [ '1.12.2' ],
199 silly audit   '@unrs/resolver-binding-darwin-x64': [ '1.12.2' ],
199 silly audit   '@unrs/resolver-binding-freebsd-x64': [ '1.12.2' ],
199 silly audit   '@unrs/resolver-binding-linux-arm-gnueabihf': [ '1.12.2' ],
199 silly audit   '@unrs/resolver-binding-linux-arm-musleabihf': [ '1.12.2' ],
199 silly audit   '@unrs/resolver-binding-linux-arm64-gnu': [ '1.12.2' ],
199 silly audit   '@unrs/resolver-binding-linux-arm64-musl': [ '1.12.2' ],
199 silly audit   '@unrs/resolver-binding-linux-loong64-gnu': [ '1.12.2' ],
199 silly audit   '@unrs/resolver-binding-linux-loong64-musl': [ '1.12.2' ],
199 silly audit   '@unrs/resolver-binding-linux-ppc64-gnu': [ '1.12.2' ],
199 silly audit   '@unrs/resolver-binding-linux-riscv64-gnu': [ '1.12.2' ],
199 silly audit   '@unrs/resolver-binding-linux-riscv64-musl': [ '1.12.2' ],
199 silly audit   '@unrs/resolver-binding-linux-s390x-gnu': [ '1.12.2' ],
199 silly audit   '@unrs/resolver-binding-linux-x64-gnu': [ '1.12.2' ],
199 silly audit   '@unrs/resolver-binding-linux-x64-musl': [ '1.12.2' ],
199 silly audit   '@unrs/resolver-binding-openharmony-arm64': [ '1.12.2' ],
199 silly audit   '@unrs/resolver-binding-wasm32-wasi': [ '1.12.2' ],
199 silly audit   '@unrs/resolver-binding-win32-arm64-msvc': [ '1.12.2' ],
199 silly audit   '@unrs/resolver-binding-win32-ia32-msvc': [ '1.12.2' ],
199 silly audit   '@unrs/resolver-binding-win32-x64-msvc': [ '1.12.2' ],
199 silly audit   acorn: [ '8.17.0' ],
199 silly audit   'acorn-jsx': [ '5.3.2' ],
199 silly audit   ajv: [ '6.15.0' ],
199 silly audit   'ansi-styles': [ '4.3.0' ],
199 silly audit   argparse: [ '2.0.1' ],
199 silly audit   'aria-query': [ '5.3.2' ],
199 silly audit   'array-buffer-byte-length': [ '1.0.2' ],
199 silly audit   'array-includes': [ '3.1.9' ],
199 silly audit   'array.prototype.findlast': [ '1.2.5' ],
199 silly audit   'array.prototype.findlastindex': [ '1.2.6' ],
199 silly audit   'array.prototype.flat': [ '1.3.3' ],
199 silly audit   'array.prototype.flatmap': [ '1.3.3' ],
199 silly audit   'array.prototype.tosorted': [ '1.1.4' ],
199 silly audit   'arraybuffer.prototype.slice': [ '1.0.4' ],
199 silly audit   'ast-types-flow': [ '0.0.8' ],
199 silly audit   'async-function': [ '1.0.0' ],
199 silly audit   'available-typed-arrays': [ '1.0.7' ],
199 silly audit   'axe-core': [ '4.12.1' ],
199 silly audit   'axobject-query': [ '4.1.0' ],
199 silly audit   'baseline-browser-mapping': [ '2.10.43' ],
199 silly audit   braces: [ '3.0.3' ],
199 silly audit   browserslist: [ '4.28.6' ],
199 silly audit   'call-bind': [ '1.0.9' ],
199 silly audit   'call-bind-apply-helpers': [ '1.0.2' ],
199 silly audit   'call-bound': [ '1.0.4' ],
199 silly audit   callsites: [ '3.1.0' ],
199 silly audit   'caniuse-lite': [ '1.0.30001806' ],
199 silly audit   chalk: [ '4.1.2' ],
199 silly audit   'client-only': [ '0.0.1' ],
199 silly audit   'color-convert': [ '2.0.1' ],
199 silly audit   'color-name': [ '1.1.4' ],
199 silly audit   'concat-map': [ '0.0.1' ],
199 silly audit   'convert-source-map': [ '2.0.0' ],
199 silly audit   'cross-spawn': [ '7.0.6' ],
199 silly audit   csstype: [ '3.2.3' ],
199 silly audit   'damerau-levenshtein': [ '1.0.8' ],
199 silly audit   'data-view-buffer': [ '1.0.2' ],
199 silly audit   'data-view-byte-length': [ '1.0.2' ],
199 silly audit   'data-view-byte-offset': [ '1.0.1' ],
199 silly audit   debug: [ '4.4.3', '3.2.7' ],
199 silly audit   'deep-is': [ '0.1.4' ],
199 silly audit   'define-data-property': [ '1.1.4' ],
199 silly audit   'define-properties': [ '1.2.1' ],
199 silly audit   'detect-libc': [ '2.1.2' ],
199 silly audit   doctrine: [ '2.1.0' ],
199 silly audit   'dunder-proto': [ '1.0.1' ],
199 silly audit   'electron-to-chromium': [ '1.5.392' ],
199 silly audit   'emoji-regex': [ '9.2.2' ],
199 silly audit   'enhanced-resolve': [ '5.24.2' ],
199 silly audit   'es-abstract': [ '1.24.2' ],
199 silly audit   'es-abstract-get': [ '1.0.0' ],
199 silly audit   'es-define-property': [ '1.0.1' ],
199 silly audit   'es-errors': [ '1.3.0' ],
199 silly audit   'es-iterator-helpers': [ '1.4.0' ],
199 silly audit   'es-object-atoms': [ '1.1.2' ],
199 silly audit   'es-set-tostringtag': [ '2.1.0' ],
199 silly audit   'es-shim-unscopables': [ '1.1.0' ],
199 silly audit   'es-to-primitive': [ '1.3.4' ],
199 silly audit   escalade: [ '3.2.0' ],
199 silly audit   'escape-string-regexp': [ '4.0.0' ],
199 silly audit   eslint: [ '9.39.5' ],
199 silly audit   'eslint-config-next': [ '16.2.10' ],
199 silly audit   globals: [ '16.4.0', '14.0.0' ],
199 silly audit   'eslint-import-resolver-node': [ '0.3.10' ],
199 silly audit   'eslint-import-resolver-typescript': [ '3.10.1' ],
199 silly audit   'eslint-module-utils': [ '2.14.0' ],
199 silly audit   'eslint-plugin-import': [ '2.32.0' ],
199 silly audit   'eslint-plugin-jsx-a11y': [ '6.10.2' ],
199 silly audit   'eslint-plugin-react': [ '7.37.5' ],
199 silly audit   'eslint-plugin-react-hooks': [ '7.1.1' ],
199 silly audit   'eslint-scope': [ '8.4.0' ],
199 silly audit   espree: [ '10.4.0' ],
199 silly audit   esquery: [ '1.7.0' ],
199 silly audit   esrecurse: [ '4.3.0' ],
199 silly audit   estraverse: [ '5.3.0' ],
199 silly audit   esutils: [ '2.0.3' ],
199 silly audit   'fast-deep-equal': [ '3.1.3' ],
199 silly audit   'fast-glob': [ '3.3.1' ],
199 silly audit   'glob-parent': [ '5.1.2', '6.0.2' ],
199 silly audit   'fast-json-stable-stringify': [ '2.1.0' ],
199 silly audit   'fast-levenshtein': [ '2.0.6' ],
199 silly audit   fastq: [ '1.20.1' ],
199 silly audit   'file-entry-cache': [ '8.0.0' ],
199 silly audit   'fill-range': [ '7.1.1' ],
199 silly audit   'find-up': [ '5.0.0' ],
199 silly audit   'flat-cache': [ '4.0.1' ],
199 silly audit   flatted: [ '3.4.2' ],
199 silly audit   'for-each': [ '0.3.5' ],
199 silly audit   'function-bind': [ '1.1.2' ],
199 silly audit   'function.prototype.name': [ '1.2.0' ],
199 silly audit   'functions-have-names': [ '1.2.3' ],
199 silly audit   'generator-function': [ '2.0.1' ],
199 silly audit   gensync: [ '1.0.0-beta.2' ],
199 silly audit   'get-intrinsic': [ '1.3.0' ],
199 silly audit   'get-proto': [ '1.0.1' ],
199 silly audit   'get-symbol-description': [ '1.1.0' ],
199 silly audit   'get-tsconfig': [ '4.14.0' ],
199 silly audit   globalthis: [ '1.0.4' ],
199 silly audit   gopd: [ '1.2.0' ],
199 silly audit   'graceful-fs': [ '4.2.11' ],
199 silly audit   'has-bigints': [ '1.1.0' ],
199 silly audit   'has-flag': [ '4.0.0' ],
199 silly audit   'has-property-descriptors': [ '1.0.2' ],
199 silly audit   'has-proto': [ '1.2.0' ],
199 silly audit   'has-symbols': [ '1.1.0' ],
199 silly audit   'has-tostringtag': [ '1.0.2' ],
199 silly audit   hasown: [ '2.0.4' ],
199 silly audit   'hermes-estree': [ '0.25.1' ],
199 silly audit   'hermes-parser': [ '0.25.1' ],
199 silly audit   'import-fresh': [ '3.3.1' ],
199 silly audit   imurmurhash: [ '0.1.4' ],
199 silly audit   'internal-slot': [ '1.1.0' ],
199 silly audit   'is-array-buffer': [ '3.0.5' ],
199 silly audit   'is-async-function': [ '2.1.1' ],
199 silly audit   'is-bigint': [ '1.1.0' ],
199 silly audit   'is-boolean-object': [ '1.2.2' ],
199 silly audit   'is-bun-module': [ '2.0.0' ],
199 silly audit   'is-callable': [ '1.2.7' ],
199 silly audit   'is-core-module': [ '2.16.2' ],
199 silly audit   'is-data-view': [ '1.0.2' ],
199 silly audit   'is-date-object': [ '1.1.0' ],
199 silly audit   'is-document.all': [ '1.0.0' ],
199 silly audit   'is-extglob': [ '2.1.1' ],
199 silly audit   'is-finalizationregistry': [ '1.1.1' ],
199 silly audit   'is-generator-function': [ '1.1.2' ],
199 silly audit   'is-glob': [ '4.0.3' ],
199 silly audit   'is-map': [ '2.0.3' ],
199 silly audit   'is-negative-zero': [ '2.0.3' ],
199 silly audit   'is-number': [ '7.0.0' ],
199 silly audit   'is-number-object': [ '1.1.1' ],
199 silly audit   'is-regex': [ '1.2.1' ],
199 silly audit   'is-set': [ '2.0.3' ],
199 silly audit   'is-shared-array-buffer': [ '1.0.4' ],
199 silly audit   'is-string': [ '1.1.1' ],
199 silly audit   'is-symbol': [ '1.1.1' ],
199 silly audit   'is-typed-array': [ '1.1.15' ],
199 silly audit   'is-weakmap': [ '2.0.2' ],
199 silly audit   'is-weakref': [ '1.1.1' ],
199 silly audit   'is-weakset': [ '2.0.4' ],
199 silly audit   isarray: [ '2.0.5' ],
199 silly audit   isexe: [ '2.0.0' ],
199 silly audit   'iterator.prototype': [ '1.1.5' ],
199 silly audit   jiti: [ '2.7.0' ],
199 silly audit   'js-tokens': [ '4.0.0' ],
199 silly audit   'js-yaml': [ '4.3.0' ],
199 silly audit   jsesc: [ '3.1.0' ],
199 silly audit   'json-buffer': [ '3.0.1' ],
199 silly audit   'json-schema-traverse': [ '0.4.1' ],
199 silly audit   'json-stable-stringify-without-jsonify': [ '1.0.1' ],
199 silly audit   json5: [ '2.2.3', '1.0.2' ],
199 silly audit   'jsx-ast-utils': [ '3.3.5' ],
199 silly audit   keyv: [ '4.5.4' ],
199 silly audit   'language-subtag-registry': [ '0.3.23' ],
199 silly audit   'language-tags': [ '1.0.9' ],
199 silly audit   levn: [ '0.4.1' ],
199 silly audit   lightningcss: [ '1.32.0' ],
199 silly audit   'lightningcss-android-arm64': [ '1.32.0' ],
199 silly audit   'lightningcss-darwin-arm64': [ '1.32.0' ],
199 silly audit   'lightningcss-darwin-x64': [ '1.32.0' ],
199 silly audit   'lightningcss-freebsd-x64': [ '1.32.0' ],
199 silly audit   'lightningcss-linux-arm-gnueabihf': [ '1.32.0' ],
199 silly audit   'lightningcss-linux-arm64-gnu': [ '1.32.0' ],
199 silly audit   'lightningcss-linux-arm64-musl': [ '1.32.0' ],
199 silly audit   'lightningcss-linux-x64-gnu': [ '1.32.0' ],
199 silly audit   'lightningcss-linux-x64-musl': [ '1.32.0' ],
199 silly audit   'lightningcss-win32-arm64-msvc': [ '1.32.0' ],
199 silly audit   'lightningcss-win32-x64-msvc': [ '1.32.0' ],
199 silly audit   'locate-path': [ '6.0.0' ],
199 silly audit   'lodash.merge': [ '4.6.2' ],
199 silly audit   'loose-envify': [ '1.4.0' ],
199 silly audit   'lru-cache': [ '5.1.1' ],
199 silly audit   'magic-string': [ '0.30.21' ],
199 silly audit   'math-intrinsics': [ '1.1.0' ],
199 silly audit   merge2: [ '1.4.1' ],
199 silly audit   micromatch: [ '4.0.8' ],
199 silly audit   minimist: [ '1.2.8' ],
199 silly audit   ms: [ '2.1.3' ],
199 silly audit   nanoid: [ '3.3.16' ],
199 silly audit   'napi-postinstall': [ '0.3.4' ],
199 silly audit   'natural-compare': [ '1.4.0' ],
199 silly audit   next: [ '16.2.10' ],
199 silly audit   postcss: [ '8.4.31', '8.5.19' ],
199 silly audit   'node-exports-info': [ '1.6.2' ],
199 silly audit   'node-releases': [ '2.0.51' ],
199 silly audit   'object-assign': [ '4.1.1' ],
199 silly audit   'object-inspect': [ '1.13.4' ],
199 silly audit   'object-keys': [ '1.1.1' ],
199 silly audit   'object.assign': [ '4.1.7' ],
199 silly audit   'object.entries': [ '1.1.9' ],
199 silly audit   'object.fromentries': [ '2.0.8' ],
199 silly audit   'object.groupby': [ '1.0.3' ],
199 silly audit   'object.values': [ '1.2.1' ],
199 silly audit   optionator: [ '0.9.4' ],
199 silly audit   'own-keys': [ '1.0.1' ],
199 silly audit   'p-limit': [ '3.1.0' ],
199 silly audit   'p-locate': [ '5.0.0' ],
199 silly audit   'parent-module': [ '1.0.1' ],
199 silly audit   'path-exists': [ '4.0.0' ],
199 silly audit   'path-key': [ '3.1.1' ],
199 silly audit   'path-parse': [ '1.0.7' ],
199 silly audit   picocolors: [ '1.1.1' ],
199 silly audit   picomatch: [ '2.3.2', '4.0.5' ],
199 silly audit   'possible-typed-array-names': [ '1.1.0' ],
199 silly audit   'prelude-ls': [ '1.2.1' ],
199 silly audit   'prop-types': [ '15.8.1' ],
199 silly audit   punycode: [ '2.3.1' ],
199 silly audit   'queue-microtask': [ '1.2.3' ],
199 silly audit   react: [ '19.2.4' ],
199 silly audit   'react-dom': [ '19.2.4' ],
199 silly audit   'react-is': [ '16.13.1' ],
199 silly audit   'reflect.getprototypeof': [ '1.0.10' ],
199 silly audit   'regexp.prototype.flags': [ '1.5.4' ],
199 silly audit   resolve: [ '2.0.0-next.7' ],
199 silly audit   'resolve-from': [ '4.0.0' ],
199 silly audit   'resolve-pkg-maps': [ '1.0.0' ],
199 silly audit   reusify: [ '1.1.0' ],
199 silly audit   'run-parallel': [ '1.2.0' ],
199 silly audit   'safe-array-concat': [ '1.1.4' ],
199 silly audit   'safe-push-apply': [ '1.0.0' ],
199 silly audit   'safe-regex-test': [ '1.1.0' ],
199 silly audit   scheduler: [ '0.27.0' ],
199 silly audit   'set-function-length': [ '1.2.2' ],
199 silly audit   'set-function-name': [ '2.0.2' ],
199 silly audit   'set-proto': [ '1.0.0' ],
199 silly audit   sharp: [ '0.34.5' ],
199 silly audit   'shebang-command': [ '2.0.0' ],
199 silly audit   'shebang-regex': [ '3.0.0' ],
199 silly audit   'side-channel': [ '1.1.1' ],
199 silly audit   'side-channel-list': [ '1.0.1' ],
199 silly audit   'side-channel-map': [ '1.0.1' ],
199 silly audit   'side-channel-weakmap': [ '1.0.2' ],
199 silly audit   'source-map-js': [ '1.2.1' ],
199 silly audit   'stable-hash': [ '0.0.5' ],
199 silly audit   'stop-iteration-iterator': [ '1.1.0' ],
199 silly audit   'string.prototype.includes': [ '2.0.1' ],
199 silly audit   'string.prototype.matchall': [ '4.0.12' ],
199 silly audit   'string.prototype.repeat': [ '1.0.0' ],
199 silly audit   'string.prototype.trim': [ '1.2.11' ],
199 silly audit   'string.prototype.trimend': [ '1.0.10' ],
199 silly audit   'string.prototype.trimstart': [ '1.0.8' ],
199 silly audit   'strip-bom': [ '3.0.0' ],
199 silly audit   'strip-json-comments': [ '3.1.1' ],
199 silly audit   'styled-jsx': [ '5.1.6' ],
199 silly audit   'supports-color': [ '7.2.0' ],
199 silly audit   'supports-preserve-symlinks-flag': [ '1.0.0' ],
199 silly audit   tailwindcss: [ '4.3.3' ],
199 silly audit   tapable: [ '2.3.3' ],
199 silly audit   tinyglobby: [ '0.2.17' ],
199 silly audit   fdir: [ '6.5.0' ],
199 silly audit   'to-regex-range': [ '5.0.1' ],
199 silly audit   'ts-api-utils': [ '2.5.0' ],
199 silly audit   'tsconfig-paths': [ '3.15.0' ],
199 silly audit   tslib: [ '2.8.1' ],
199 silly audit   'type-check': [ '0.4.0' ],
199 silly audit   'typed-array-buffer': [ '1.0.3' ],
199 silly audit   'typed-array-byte-length': [ '1.0.3' ],
199 silly audit   'typed-array-byte-offset': [ '1.0.4' ],
199 silly audit   'typed-array-length': [ '1.0.8' ],
199 silly audit   typescript: [ '5.9.3' ],
199 silly audit   'typescript-eslint': [ '8.64.0' ],
199 silly audit   'unbox-primitive': [ '1.1.0' ],
199 silly audit   'undici-types': [ '6.21.0' ],
199 silly audit   'unrs-resolver': [ '1.12.2' ],
199 silly audit   'update-browserslist-db': [ '1.2.3' ],
199 silly audit   'uri-js': [ '4.4.1' ],
199 silly audit   which: [ '2.0.2' ],
199 silly audit   'which-boxed-primitive': [ '1.1.1' ],
199 silly audit   'which-builtin-type': [ '1.2.1' ],
199 silly audit   'which-collection': [ '1.0.2' ],
199 silly audit   'which-typed-array': [ '1.1.22' ],
199 silly audit   'word-wrap': [ '1.2.5' ],
199 silly audit   yallist: [ '3.1.1' ],
199 silly audit   'yocto-queue': [ '0.1.0' ],
199 silly audit   zod: [ '4.4.3' ],
199 silly audit   'zod-validation-error': [ '4.0.2' ],
199 silly audit   '@prisma/client': [ '6.16.0' ],
199 silly audit   prisma: [ '6.16.0' ],
199 silly audit   '@prisma/config': [ '6.16.0' ],
199 silly audit   '@prisma/engines': [ '6.16.0' ],
199 silly audit   c12: [ '3.1.0' ],
199 silly audit   'deepmerge-ts': [ '7.1.5' ],
199 silly audit   effect: [ '3.16.12' ],
199 silly audit   empathic: [ '2.0.0' ],
199 silly audit   '@prisma/debug': [ '6.16.0' ],
199 silly audit   '@prisma/engines-version': [ '6.16.0-7.1c57fdcd7e44b29b9313256c76699e91c3ac3c43' ],
199 silly audit   '@prisma/fetch-engine': [ '6.16.0' ],
199 silly audit   '@prisma/get-platform': [ '6.16.0' ],
199 silly audit   chokidar: [ '4.0.3' ],
199 silly audit   confbox: [ '0.2.4' ],
199 silly audit   defu: [ '6.1.7' ],
199 silly audit   dotenv: [ '16.6.1' ],
199 silly audit   exsolve: [ '1.1.0' ],
199 silly audit   giget: [ '2.0.0' ],
199 silly audit   ohash: [ '2.0.11' ],
199 silly audit   pathe: [ '2.0.3' ],
199 silly audit   'perfect-debounce': [ '1.0.0' ],
199 silly audit   'pkg-types': [ '2.3.1' ],
199 silly audit   rc9: [ '2.1.2' ],
199 silly audit   readdirp: [ '4.1.2' ],
199 silly audit   '@standard-schema/spec': [ '1.1.0' ],
199 silly audit   'fast-check': [ '3.23.2' ],
199 silly audit   'pure-rand': [ '6.1.0' ],
199 silly audit   citty: [ '0.1.6', '0.2.2' ],
199 silly audit   consola: [ '3.4.2' ],
199 silly audit   'node-fetch-native': [ '1.6.7' ],
199 silly audit   nypm: [ '0.6.8' ],
199 silly audit   tinyexec: [ '1.2.4' ],
199 silly audit   destr: [ '2.0.5' ]
199 silly audit }
200 http cache destr@https://registry.npmjs.org/destr/-/destr-2.0.5.tgz 0ms (cache hit)
201 http cache tinyexec@https://registry.npmjs.org/tinyexec/-/tinyexec-1.2.4.tgz 0ms (cache hit)
202 http cache nypm@https://registry.npmjs.org/nypm/-/nypm-0.6.8.tgz 1ms (cache hit)
203 http cache node-fetch-native@https://registry.npmjs.org/node-fetch-native/-/node-fetch-native-1.6.7.tgz 0ms (cache hit)
204 http cache citty@https://registry.npmjs.org/citty/-/citty-0.1.6.tgz 0ms (cache hit)
205 http cache @standard-schema/spec@https://registry.npmjs.org/@standard-schema/spec/-/spec-1.1.0.tgz 0ms (cache hit)
206 http cache pure-rand@https://registry.npmjs.org/pure-rand/-/pure-rand-6.1.0.tgz 0ms (cache hit)
207 http cache fast-check@https://registry.npmjs.org/fast-check/-/fast-check-3.23.2.tgz 1ms (cache hit)
208 http cache consola@https://registry.npmjs.org/consola/-/consola-3.4.2.tgz 0ms (cache hit)
209 http cache readdirp@https://registry.npmjs.org/readdirp/-/readdirp-4.1.2.tgz 0ms (cache hit)
210 http cache pkg-types@https://registry.npmjs.org/pkg-types/-/pkg-types-2.3.1.tgz 0ms (cache hit)
211 http cache rc9@https://registry.npmjs.org/rc9/-/rc9-2.1.2.tgz 0ms (cache hit)
212 http cache pathe@https://registry.npmjs.org/pathe/-/pathe-2.0.3.tgz 0ms (cache hit)
213 http cache ohash@https://registry.npmjs.org/ohash/-/ohash-2.0.11.tgz 0ms (cache hit)
214 http cache exsolve@https://registry.npmjs.org/exsolve/-/exsolve-1.1.0.tgz 1ms (cache hit)
215 http cache perfect-debounce@https://registry.npmjs.org/perfect-debounce/-/perfect-debounce-1.0.0.tgz 0ms (cache hit)
216 http cache defu@https://registry.npmjs.org/defu/-/defu-6.1.7.tgz 0ms (cache hit)
217 http cache giget@https://registry.npmjs.org/giget/-/giget-2.0.0.tgz 0ms (cache hit)
218 http cache @prisma/get-platform@https://registry.npmjs.org/@prisma/get-platform/-/get-platform-6.16.0.tgz 0ms (cache hit)
219 http cache dotenv@https://registry.npmjs.org/dotenv/-/dotenv-16.6.1.tgz 0ms (cache hit)
220 http cache @prisma/fetch-engine@https://registry.npmjs.org/@prisma/fetch-engine/-/fetch-engine-6.16.0.tgz 0ms (cache hit)
221 http cache confbox@https://registry.npmjs.org/confbox/-/confbox-0.2.4.tgz 0ms (cache hit)
222 http cache @prisma/debug@https://registry.npmjs.org/@prisma/debug/-/debug-6.16.0.tgz 0ms (cache hit)
223 http cache chokidar@https://registry.npmjs.org/chokidar/-/chokidar-4.0.3.tgz 0ms (cache hit)
224 http cache @prisma/engines-version@https://registry.npmjs.org/@prisma/engines-version/-/engines-version-6.16.0-7.1c57fdcd7e44b29b9313256c76699e91c3ac3c43.tgz 0ms (cache hit)
225 http cache @prisma/engines@https://registry.npmjs.org/@prisma/engines/-/engines-6.16.0.tgz 0ms (cache hit)
226 http cache empathic@https://registry.npmjs.org/empathic/-/empathic-2.0.0.tgz 0ms (cache hit)
227 http cache effect@https://registry.npmjs.org/effect/-/effect-3.16.12.tgz 0ms (cache hit)
228 http cache @prisma/config@https://registry.npmjs.org/@prisma/config/-/config-6.16.0.tgz 0ms (cache hit)
229 http cache c12@https://registry.npmjs.org/c12/-/c12-3.1.0.tgz 0ms (cache hit)
230 http cache deepmerge-ts@https://registry.npmjs.org/deepmerge-ts/-/deepmerge-ts-7.1.5.tgz 0ms (cache hit)
231 http cache @prisma/client@https://registry.npmjs.org/@prisma/client/-/client-6.16.0.tgz 0ms (cache hit)
232 silly tarball no local data for destr@https://registry.npmjs.org/destr/-/destr-2.0.5.tgz. Extracting by manifest.
233 http cache citty@https://registry.npmjs.org/citty/-/citty-0.2.2.tgz 0ms (cache hit)
234 silly tarball no local data for tinyexec@https://registry.npmjs.org/tinyexec/-/tinyexec-1.2.4.tgz. Extracting by manifest.
235 silly tarball no local data for nypm@https://registry.npmjs.org/nypm/-/nypm-0.6.8.tgz. Extracting by manifest.
236 http cache prisma@https://registry.npmjs.org/prisma/-/prisma-6.16.0.tgz 0ms (cache hit)
237 silly tarball no local data for node-fetch-native@https://registry.npmjs.org/node-fetch-native/-/node-fetch-native-1.6.7.tgz. Extracting by manifest.
238 silly tarball no local data for citty@https://registry.npmjs.org/citty/-/citty-0.1.6.tgz. Extracting by manifest.
239 silly tarball no local data for @standard-schema/spec@https://registry.npmjs.org/@standard-schema/spec/-/spec-1.1.0.tgz. Extracting by manifest.
240 silly tarball no local data for pure-rand@https://registry.npmjs.org/pure-rand/-/pure-rand-6.1.0.tgz. Extracting by manifest.
241 silly tarball no local data for fast-check@https://registry.npmjs.org/fast-check/-/fast-check-3.23.2.tgz. Extracting by manifest.
242 silly tarball no local data for consola@https://registry.npmjs.org/consola/-/consola-3.4.2.tgz. Extracting by manifest.
243 silly tarball no local data for readdirp@https://registry.npmjs.org/readdirp/-/readdirp-4.1.2.tgz. Extracting by manifest.
244 silly tarball no local data for pkg-types@https://registry.npmjs.org/pkg-types/-/pkg-types-2.3.1.tgz. Extracting by manifest.
245 silly tarball no local data for rc9@https://registry.npmjs.org/rc9/-/rc9-2.1.2.tgz. Extracting by manifest.
246 silly tarball no local data for pathe@https://registry.npmjs.org/pathe/-/pathe-2.0.3.tgz. Extracting by manifest.
247 silly tarball no local data for ohash@https://registry.npmjs.org/ohash/-/ohash-2.0.11.tgz. Extracting by manifest.
248 silly tarball no local data for exsolve@https://registry.npmjs.org/exsolve/-/exsolve-1.1.0.tgz. Extracting by manifest.
249 silly tarball no local data for perfect-debounce@https://registry.npmjs.org/perfect-debounce/-/perfect-debounce-1.0.0.tgz. Extracting by manifest.
250 silly tarball no local data for defu@https://registry.npmjs.org/defu/-/defu-6.1.7.tgz. Extracting by manifest.
251 silly tarball no local data for giget@https://registry.npmjs.org/giget/-/giget-2.0.0.tgz. Extracting by manifest.
252 silly tarball no local data for @prisma/get-platform@https://registry.npmjs.org/@prisma/get-platform/-/get-platform-6.16.0.tgz. Extracting by manifest.
253 silly tarball no local data for dotenv@https://registry.npmjs.org/dotenv/-/dotenv-16.6.1.tgz. Extracting by manifest.
254 silly tarball no local data for @prisma/fetch-engine@https://registry.npmjs.org/@prisma/fetch-engine/-/fetch-engine-6.16.0.tgz. Extracting by manifest.
255 silly tarball no local data for confbox@https://registry.npmjs.org/confbox/-/confbox-0.2.4.tgz. Extracting by manifest.
256 silly tarball no local data for @prisma/debug@https://registry.npmjs.org/@prisma/debug/-/debug-6.16.0.tgz. Extracting by manifest.
257 silly tarball no local data for chokidar@https://registry.npmjs.org/chokidar/-/chokidar-4.0.3.tgz. Extracting by manifest.
258 silly tarball no local data for @prisma/engines-version@https://registry.npmjs.org/@prisma/engines-version/-/engines-version-6.16.0-7.1c57fdcd7e44b29b9313256c76699e91c3ac3c43.tgz. Extracting by manifest.
259 silly tarball no local data for @prisma/engines@https://registry.npmjs.org/@prisma/engines/-/engines-6.16.0.tgz. Extracting by manifest.
260 silly tarball no local data for empathic@https://registry.npmjs.org/empathic/-/empathic-2.0.0.tgz. Extracting by manifest.
261 silly tarball no local data for effect@https://registry.npmjs.org/effect/-/effect-3.16.12.tgz. Extracting by manifest.
262 silly tarball no local data for @prisma/config@https://registry.npmjs.org/@prisma/config/-/config-6.16.0.tgz. Extracting by manifest.
263 silly tarball no local data for c12@https://registry.npmjs.org/c12/-/c12-3.1.0.tgz. Extracting by manifest.
264 silly tarball no local data for deepmerge-ts@https://registry.npmjs.org/deepmerge-ts/-/deepmerge-ts-7.1.5.tgz. Extracting by manifest.
265 silly tarball no local data for @prisma/client@https://registry.npmjs.org/@prisma/client/-/client-6.16.0.tgz. Extracting by manifest.
266 silly tarball no local data for citty@https://registry.npmjs.org/citty/-/citty-0.2.2.tgz. Extracting by manifest.
267 silly tarball no local data for prisma@https://registry.npmjs.org/prisma/-/prisma-6.16.0.tgz. Extracting by manifest.
268 http fetch POST 200 https://registry.npmjs.org/-/npm/v1/security/advisories/bulk 393ms
269 silly audit report {
269 silly audit report   postcss: [
269 silly audit report     {
269 silly audit report       id: 1117015,
269 silly audit report       url: 'https://github.com/advisories/GHSA-qx2v-qp2m-jg93',
269 silly audit report       title: 'PostCSS has XSS via Unescaped </style> in its CSS Stringify Output',
269 silly audit report       severity: 'moderate',
269 silly audit report       vulnerable_versions: '<8.5.10',
269 silly audit report       cwe: [Array],
269 silly audit report       cvss: [Object]
269 silly audit report     }
269 silly audit report   ],
269 silly audit report   effect: [
269 silly audit report     {
269 silly audit report       id: 1115356,
269 silly audit report       url: 'https://github.com/advisories/GHSA-38f7-945m-qr2g',
269 silly audit report       title: 'Effect `AsyncLocalStorage` context lost/contaminated inside Effect fibers under concurrent load with RPC',
269 silly audit report       severity: 'high',
269 silly audit report       vulnerable_versions: '<3.20.0',
269 silly audit report       cwe: [Array],
269 silly audit report       cvss: [Object]
269 silly audit report     }
269 silly audit report   ]
269 silly audit report }
270 silly packumentCache corgi:https://registry.npmjs.org/postcss cache-miss
271 silly packumentCache corgi:https://registry.npmjs.org/effect cache-miss
272 http fetch GET 200 https://registry.npmjs.org/nypm/-/nypm-0.6.8.tgz 988ms (cache miss)
273 http fetch GET 200 https://registry.npmjs.org/destr/-/destr-2.0.5.tgz 1030ms (cache miss)
274 http fetch GET 200 https://registry.npmjs.org/tinyexec/-/tinyexec-1.2.4.tgz 1029ms (cache miss)
275 http fetch GET 200 https://registry.npmjs.org/defu/-/defu-6.1.7.tgz 1194ms (cache miss)
276 http fetch GET 200 https://registry.npmjs.org/perfect-debounce/-/perfect-debounce-1.0.0.tgz 1215ms (cache miss)
277 http fetch GET 200 https://registry.npmjs.org/empathic/-/empathic-2.0.0.tgz 1235ms (cache miss)
278 http fetch GET 200 https://registry.npmjs.org/exsolve/-/exsolve-1.1.0.tgz 1257ms (cache miss)
279 http fetch GET 200 https://registry.npmjs.org/c12/-/c12-3.1.0.tgz 1273ms (cache miss)
280 http fetch GET 200 https://registry.npmjs.org/@prisma/debug/-/debug-6.16.0.tgz 1352ms (cache miss)
281 http fetch GET 200 https://registry.npmjs.org/@prisma/engines-version/-/engines-version-6.16.0-7.1c57fdcd7e44b29b9313256c76699e91c3ac3c43.tgz 1355ms (cache miss)
282 http fetch GET 200 https://registry.npmjs.org/@standard-schema/spec/-/spec-1.1.0.tgz 1400ms (cache miss)
283 http fetch GET 200 https://registry.npmjs.org/@prisma/config/-/config-6.16.0.tgz 1396ms (cache miss)
284 http fetch GET 200 https://registry.npmjs.org/citty/-/citty-0.1.6.tgz 1764ms (cache miss)
285 http fetch GET 200 https://registry.npmjs.org/giget/-/giget-2.0.0.tgz 1839ms (cache miss)
286 http fetch GET 200 https://registry.npmjs.org/readdirp/-/readdirp-4.1.2.tgz 1955ms (cache miss)
287 http fetch GET 200 https://registry.npmjs.org/rc9/-/rc9-2.1.2.tgz 1955ms (cache miss)
288 http fetch GET 200 https://registry.npmjs.org/pkg-types/-/pkg-types-2.3.1.tgz 1981ms (cache miss)
289 http fetch GET 200 https://registry.npmjs.org/dotenv/-/dotenv-16.6.1.tgz 2089ms (cache miss)
290 http fetch GET 200 https://registry.npmjs.org/citty/-/citty-0.2.2.tgz 2131ms (cache miss)
291 http fetch GET 200 https://registry.npmjs.org/chokidar/-/chokidar-4.0.3.tgz 2219ms (cache miss)
292 http fetch GET 200 https://registry.npmjs.org/@prisma/engines/-/engines-6.16.0.tgz 2269ms (cache miss)
293 http fetch GET 200 https://registry.npmjs.org/postcss 2050ms (cache miss)
294 silly packumentCache corgi:https://registry.npmjs.org/postcss set size:undefined disposed:false
295 http fetch GET 200 https://registry.npmjs.org/deepmerge-ts/-/deepmerge-ts-7.1.5.tgz 2319ms (cache miss)
296 http fetch GET 200 https://registry.npmjs.org/effect 2159ms (cache miss)
297 silly packumentCache corgi:https://registry.npmjs.org/effect set size:undefined disposed:false
298 http fetch GET 200 https://registry.npmjs.org/pathe/-/pathe-2.0.3.tgz 2587ms (cache miss)
299 silly packumentCache corgi:https://registry.npmjs.org/next cache-miss
300 http fetch GET 200 https://registry.npmjs.org/ohash/-/ohash-2.0.11.tgz 2677ms (cache miss)
301 http fetch GET 200 https://registry.npmjs.org/confbox/-/confbox-0.2.4.tgz 3004ms (cache miss)
302 http fetch GET 200 https://registry.npmjs.org/node-fetch-native/-/node-fetch-native-1.6.7.tgz 3296ms (cache miss)
303 http fetch GET 200 https://registry.npmjs.org/consola/-/consola-3.4.2.tgz 3435ms (cache miss)
304 http fetch GET 200 https://registry.npmjs.org/@prisma/fetch-engine/-/fetch-engine-6.16.0.tgz 3656ms (cache miss)
305 http fetch GET 200 https://registry.npmjs.org/@prisma/get-platform/-/get-platform-6.16.0.tgz 3681ms (cache miss)
306 http fetch GET 200 https://registry.npmjs.org/pure-rand/-/pure-rand-6.1.0.tgz 4429ms (cache miss)
307 http fetch GET 200 https://registry.npmjs.org/next 3059ms (cache miss)
308 silly packumentCache corgi:https://registry.npmjs.org/next set size:undefined disposed:false
309 silly packumentCache corgi:https://registry.npmjs.org/@prisma%2fconfig cache-miss
310 http fetch GET 200 https://registry.npmjs.org/@prisma%2fconfig 696ms (cache miss)
311 silly packumentCache corgi:https://registry.npmjs.org/@prisma%2fconfig set size:undefined disposed:false
312 silly packumentCache corgi:https://registry.npmjs.org/prisma cache-miss
313 http fetch GET 200 https://registry.npmjs.org/prisma 1822ms (cache miss)
314 silly packumentCache corgi:https://registry.npmjs.org/prisma set size:undefined disposed:false
315 silly packumentCache corgi:https://registry.npmjs.org/@prisma%2fclient cache-miss
316 http fetch GET 200 https://registry.npmjs.org/prisma/-/prisma-6.16.0.tgz 13284ms (cache miss)
317 http fetch GET 200 https://registry.npmjs.org/@prisma/client/-/client-6.16.0.tgz 13735ms (cache miss)
318 http fetch GET 200 https://registry.npmjs.org/@prisma%2fclient 2680ms (cache miss)
319 silly packumentCache corgi:https://registry.npmjs.org/@prisma%2fclient set size:undefined disposed:false
320 http fetch GET 200 https://registry.npmjs.org/fast-check/-/fast-check-3.23.2.tgz 18496ms (cache miss)
321 http fetch GET 200 https://registry.npmjs.org/effect/-/effect-3.16.12.tgz 34802ms (cache miss)
322 info run prisma@6.16.0 preinstall node_modules/prisma node scripts/preinstall-entry.js
323 info run prisma@6.16.0 preinstall { code: 0, signal: null }
324 info run @prisma/client@6.16.0 postinstall node_modules/@prisma/client node scripts/postinstall.js
325 info run @prisma/engines@6.16.0 postinstall node_modules/@prisma/engines node scripts/postinstall.js
326 info run @prisma/engines@6.16.0 postinstall { code: 0, signal: null }
327 info run @prisma/client@6.16.0 postinstall { code: 0, signal: null }
328 silly ADD node_modules/destr
329 silly ADD node_modules/tinyexec
330 silly ADD node_modules/nypm
331 silly ADD node_modules/nypm/node_modules/citty
332 silly ADD node_modules/node-fetch-native
333 silly ADD node_modules/consola
334 silly ADD node_modules/citty
335 silly ADD node_modules/pure-rand
336 silly ADD node_modules/fast-check
337 silly ADD node_modules/@standard-schema/spec
338 silly ADD node_modules/readdirp
339 silly ADD node_modules/rc9
340 silly ADD node_modules/pkg-types
341 silly ADD node_modules/perfect-debounce
342 silly ADD node_modules/pathe
343 silly ADD node_modules/ohash
344 silly ADD node_modules/giget
345 silly ADD node_modules/exsolve
346 silly ADD node_modules/dotenv
347 silly ADD node_modules/defu
348 silly ADD node_modules/confbox
349 silly ADD node_modules/chokidar
350 silly ADD node_modules/@prisma/get-platform
351 silly ADD node_modules/@prisma/fetch-engine
352 silly ADD node_modules/@prisma/engines-version
353 silly ADD node_modules/@prisma/debug
354 silly ADD node_modules/empathic
355 silly ADD node_modules/effect
356 silly ADD node_modules/deepmerge-ts
357 silly ADD node_modules/c12
358 silly ADD node_modules/@prisma/engines
359 silly ADD node_modules/@prisma/config
360 silly ADD node_modules/prisma
361 silly ADD node_modules/@prisma/client
362 warn allow-scripts 5 packages have install scripts not yet covered by allowScripts:
362 warn allow-scripts   sharp@0.34.5 (install: (install scripts present))
362 warn allow-scripts   unrs-resolver@1.12.2 (install: (install scripts present))
362 warn allow-scripts   @prisma/client@6.16.0 (postinstall: node scripts/postinstall.js)
362 warn allow-scripts   prisma@6.16.0 (preinstall: node scripts/preinstall-entry.js)
362 warn allow-scripts   @prisma/engines@6.16.0 (postinstall: node scripts/postinstall.js)
362 warn allow-scripts
362 warn allow-scripts Run `npm approve-scripts --allow-scripts-pending` to review, or `npm approve-scripts <pkg>` to allow.
363 verbose cwd C:\Users\brian\OneDrive\Imágenes\proyectosbmcoach
364 verbose os Windows_NT 10.0.26200
365 verbose node v24.18.0
366 verbose npm  v11.16.0
367 notice
367 notice New major version of npm available! 11.16.0 -> 12.0.1
367 notice Changelog: https://github.com/npm/cli/releases/tag/v12.0.1
367 notice To update run: npm install -g npm@12.0.1
367 notice  { force: true, Symbol(proc-log.meta): true }
368 verbose exit 0
369 info ok
